<?xml version="1.0" encoding="UTF-8"?>
<testng-results ignored="0" total="2" passed="2" failed="0" skipped="0">
  <reporter-output>
  </reporter-output>
  <suite started-at="2022-02-08T23:08:32 IST" name="Default suite" finished-at="2022-02-08T23:08:32 IST" duration-ms="41">
    <groups>
    </groups>
    <test started-at="2022-02-08T23:08:32 IST" name="Default test" finished-at="2022-02-08T23:08:32 IST" duration-ms="41">
      <class name="_1_47_Test_NG_part_1">
        <test-method signature="demo()[pri:0, instance:_1_47_Test_NG_part_1@57af006c]" started-at="2022-02-08T23:08:32 IST" name="demo" finished-at="2022-02-08T23:08:32 IST" duration-ms="7" status="PASS">
          <reporter-output>
          </reporter-output>
        </test-method> <!-- demo -->
        <test-method signature="demo2()[pri:0, instance:_1_47_Test_NG_part_1@57af006c]" started-at="2022-02-08T23:08:32 IST" name="demo2" finished-at="2022-02-08T23:08:32 IST" duration-ms="1" status="PASS">
          <reporter-output>
          </reporter-output>
        </test-method> <!-- demo2 -->
      </class> <!-- _1_47_Test_NG_part_1 -->
    </test> <!-- Default test -->
  </suite> <!-- Default suite -->
</testng-results>
